[debug] [2019-07-08T21:47:18.986Z] ----------------------------------------------------------------------
[debug] [2019-07-08T21:47:18.988Z] Command:       C:\Program Files\nodejs\node.exe C:\Users\Gustavo\AppData\Roaming\npm\node_modules\firebase-tools\lib\bin\firebase.js deploy --only hosting:fitbatido
[debug] [2019-07-08T21:47:18.988Z] CLI Version:   7.0.2
[debug] [2019-07-08T21:47:18.988Z] Platform:      win32
[debug] [2019-07-08T21:47:18.988Z] Node Version:  v10.14.1
[debug] [2019-07-08T21:47:18.990Z] Time:          Mon Jul 08 2019 18:47:18 GMT-0300 (GMT-03:00)
[debug] [2019-07-08T21:47:18.990Z] ----------------------------------------------------------------------
[debug] 
[debug] [2019-07-08T21:47:19.000Z] > command requires scopes: ["email","openid","https://www.googleapis.com/auth/cloudplatformprojects.readonly","https://www.googleapis.com/auth/firebase","https://www.googleapis.com/auth/cloud-platform"]
[debug] [2019-07-08T21:47:19.000Z] > authorizing via signed-in user
[debug] [2019-07-08T21:47:19.000Z] [iam] checking project fitbatido-2d79f for permissions ["firebase.projects.get","firebasehosting.sites.update"]
[debug] [2019-07-08T21:47:19.002Z] >>> HTTP REQUEST POST https://cloudresourcemanager.googleapis.com/v1/projects/fitbatido-2d79f:testIamPermissions  

[debug] [2019-07-08T21:47:20.098Z] <<< HTTP RESPONSE 200
[debug] [2019-07-08T21:47:20.100Z] >>> HTTP REQUEST GET https://firebase.googleapis.com/v1beta1/projects/fitbatido-2d79f  
 
[debug] [2019-07-08T21:47:21.474Z] <<< HTTP RESPONSE 200
[info] 
[info] === Deploying to 'fitbatido-2d79f'...
[info] 
[info] i  deploying hosting
[debug] [2019-07-08T21:47:23.814Z] >>> HTTP REQUEST POST https://firebasehosting.googleapis.com/v1beta1/sites/fitbatido/versions  

[debug] [2019-07-08T21:47:25.485Z] <<< HTTP RESPONSE 500
[debug] [2019-07-08T21:47:25.486Z] <<< HTTP RESPONSE BODY
[error] 
[error] Error: HTTP Error: 500, Internal error encountered.
[debug] [2019-07-08T21:47:25.786Z] Error Context: {
  "body": {
    "error": {
      "code": 500,
      "message": "Internal error encountered.",
      "status": "INTERNAL"
    }
  },
  "response": {
    "statusCode": 500,
    "body": {
      "error": {
        "code": 500,
        "message": "Internal error encountered.",
        "status": "INTERNAL"
      }
    },
    "headers": {
      "vary": "X-Origin, Referer, Origin,Accept-Encoding",
      "content-type": "application/json; charset=UTF-8",
      "date": "Mon, 08 Jul 2019 21:47:25 GMT",
      "server": "ESF",
      "cache-control": "private",
      "x-xss-protection": "0",
      "x-frame-options": "SAMEORIGIN",
      "x-content-type-options": "nosniff",
      "alt-svc": "quic=\":443\"; ma=2592000; v=\"46,43,39\"",
      "accept-ranges": "none",
      "transfer-encoding": "chunked"
    },
    "request": {
      "uri": {
        "protocol": "https:",
        "slashes": true,
        "auth": null,
        "host": "firebasehosting.googleapis.com",
        "port": 443,
        "hostname": "firebasehosting.googleapis.com",
        "hash": null,
        "search": null,
        "query": null,
        "pathname": "/v1beta1/sites/fitbatido/versions",
        "path": "/v1beta1/sites/fitbatido/versions",
        "href": "https://firebasehosting.googleapis.com/v1beta1/sites/fitbatido/versions"
      },
      "method": "POST"
    }
  }
}
[debug] [2019-07-08T21:48:10.802Z] ----------------------------------------------------------------------
[debug] [2019-07-08T21:48:10.804Z] Command:       C:\Program Files\nodejs\node.exe C:\Users\Gustavo\AppData\Roaming\npm\node_modules\firebase-tools\lib\bin\firebase.js deploy
[debug] [2019-07-08T21:48:10.804Z] CLI Version:   7.0.2
[debug] [2019-07-08T21:48:10.804Z] Platform:      win32
[debug] [2019-07-08T21:48:10.805Z] Node Version:  v10.14.1
[debug] [2019-07-08T21:48:10.806Z] Time:          Mon Jul 08 2019 18:48:10 GMT-0300 (GMT-03:00)
[debug] [2019-07-08T21:48:10.806Z] ----------------------------------------------------------------------
[debug] 
[debug] [2019-07-08T21:48:10.816Z] > command requires scopes: ["email","openid","https://www.googleapis.com/auth/cloudplatformprojects.readonly","https://www.googleapis.com/auth/firebase","https://www.googleapis.com/auth/cloud-platform"]
[debug] [2019-07-08T21:48:10.816Z] > authorizing via signed-in user
[debug] [2019-07-08T21:48:10.816Z] [iam] checking project fitbatido-2d79f for permissions ["cloudfunctions.functions.create","cloudfunctions.functions.delete","cloudfunctions.functions.get","cloudfunctions.functions.list","cloudfunctions.functions.update","cloudfunctions.operations.get","datastore.indexes.create","datastore.indexes.delete","datastore.indexes.list","datastore.indexes.update","firebase.projects.get","firebasedatabase.instances.update","firebasehosting.sites.update","firebaserules.releases.create","firebaserules.releases.update","firebaserules.rulesets.create"]
[debug] [2019-07-08T21:48:10.817Z] >>> HTTP REQUEST POST https://cloudresourcemanager.googleapis.com/v1/projects/fitbatido-2d79f:testIamPermissions  

[debug] [2019-07-08T21:48:11.870Z] <<< HTTP RESPONSE 200
[debug] [2019-07-08T21:48:11.872Z] >>> HTTP REQUEST GET https://firebase.googleapis.com/v1beta1/projects/fitbatido-2d79f  
 
[debug] [2019-07-08T21:48:12.360Z] <<< HTTP RESPONSE 200
[info] 
[info] === Deploying to 'fitbatido-2d79f'...
[info] 
[info] i  deploying database, storage, firestore, functions, hosting
[info] i  database: checking rules syntax...
[debug] [2019-07-08T21:48:14.686Z] >>> HTTP REQUEST PUT https://fitbatido-2d79f.firebaseio.com/.settings/rules.json?dryRun=true  
 {
  /* Visit https://firebase.google.com/docs/database/security to learn more about security rules. */
  "rules": {
    ".read": false,
    ".write": false
  }
}
[debug] [2019-07-08T21:48:15.480Z] <<< HTTP RESPONSE 200
[info] +  database: rules syntax for database fitbatido-2d79f is valid
[debug] [2019-07-08T21:48:15.482Z] >>> HTTP REQUEST GET https://appengine.googleapis.com/v1/apps/fitbatido-2d79f  
 
[debug] [2019-07-08T21:48:17.248Z] <<< HTTP RESPONSE 200
[info] i  storage: checking storage.rules for compilation errors...
[debug] [2019-07-08T21:48:17.250Z] >>> HTTP REQUEST POST https://firebaserules.googleapis.com/v1/projects/fitbatido-2d79f:test  

[debug] [2019-07-08T21:48:18.455Z] <<< HTTP RESPONSE 200
[info] +  storage: rules file storage.rules compiled successfully
[info] i  firestore: checking firestore.rules for compilation errors...
[info] i  firestore: reading indexes from firestore.indexes.json...
[debug] [2019-07-08T21:48:18.459Z] >>> HTTP REQUEST POST https://firebaserules.googleapis.com/v1/projects/fitbatido-2d79f:test  

[debug] [2019-07-08T21:48:19.541Z] <<< HTTP RESPONSE 200
[info] +  firestore: rules file firestore.rules compiled successfully
[debug] [2019-07-08T21:48:19.544Z] > [functions] package.json contents: {
  "name": "functions",
  "description": "Cloud Functions for Firebase",
  "scripts": {
    "serve": "firebase serve --only functions",
    "shell": "firebase functions:shell",
    "start": "npm run shell",
    "deploy": "firebase deploy --only functions",
    "logs": "firebase functions:log"
  },
  "engines": {
    "node": "8"
  },
  "dependencies": {
    "firebase-admin": "^8.0.0",
    "firebase-functions": "^3.0.0"
  },
  "devDependencies": {
    "firebase-functions-test": "^0.1.6"
  },
  "private": true
}
[info] i  functions: ensuring necessary APIs are enabled...
[debug] [2019-07-08T21:48:19.546Z] >>> HTTP REQUEST GET https://servicemanagement.googleapis.com/v1/services/cloudfunctions.googleapis.com/projectSettings/fitbatido-2d79f?view=CONSUMER_VIEW  
 
[debug] [2019-07-08T21:48:19.546Z] >>> HTTP REQUEST GET https://servicemanagement.googleapis.com/v1/services/runtimeconfig.googleapis.com/projectSettings/fitbatido-2d79f?view=CONSUMER_VIEW  
 
[debug] [2019-07-08T21:48:21.177Z] <<< HTTP RESPONSE 500
[debug] [2019-07-08T21:48:21.177Z] <<< HTTP RESPONSE BODY
[debug] [2019-07-08T21:48:21.281Z] <<< HTTP RESPONSE 200
[error] 
[error] Error: HTTP Error: 500, Internal error encountered.
[debug] [2019-07-08T21:48:21.485Z] Error Context: {
  "body": {
    "error": {
      "code": 500,
      "message": "Internal error encountered.",
      "status": "INTERNAL"
    }
  },
  "response": {
    "statusCode": 500,
    "body": {
      "error": {
        "code": 500,
        "message": "Internal error encountered.",
        "status": "INTERNAL"
      }
    },
    "headers": {
      "vary": "X-Origin, Referer, Origin,Accept-Encoding",
      "content-type": "application/json; charset=UTF-8",
      "date": "Mon, 08 Jul 2019 21:48:21 GMT",
      "server": "ESF",
      "cache-control": "private",
      "x-xss-protection": "0",
      "x-frame-options": "SAMEORIGIN",
      "x-content-type-options": "nosniff",
      "alt-svc": "quic=\":443\"; ma=2592000; v=\"46,43,39\"",
      "accept-ranges": "none",
      "transfer-encoding": "chunked"
    },
    "request": {
      "uri": {
        "protocol": "https:",
        "slashes": true,
        "auth": null,
        "host": "servicemanagement.googleapis.com",
        "port": 443,
        "hostname": "servicemanagement.googleapis.com",
        "hash": null,
        "search": "?view=CONSUMER_VIEW",
        "query": "view=CONSUMER_VIEW",
        "pathname": "/v1/services/cloudfunctions.googleapis.com/projectSettings/fitbatido-2d79f",
        "path": "/v1/services/cloudfunctions.googleapis.com/projectSettings/fitbatido-2d79f?view=CONSUMER_VIEW",
        "href": "https://servicemanagement.googleapis.com/v1/services/cloudfunctions.googleapis.com/projectSettings/fitbatido-2d79f?view=CONSUMER_VIEW"
      },
      "method": "GET"
    }
  }
}
